<?xml version="1.0" encoding="UTF-8"?>
<!-- Generated by org.testng.reporters.JUnitXMLReporter -->
<testsuite ignored="0" hostname="Leenas-MacBook-Pro.local" failures="0" tests="2" name="Default test" time="1.861" errors="0" timestamp="2021-03-18T11:49:09 IST">
  <testcase classname="intelligent.SampleTestAutomation.Baseclass" name="launchBrowser" time="1.756"/>
  <testcase classname="intelligent.SampleTestAutomation.Baseclass" name="homePageTest" time="0.088"/>
</testsuite> <!-- Default test -->
