<?xml version="1.0" encoding="UTF-8"?>
<testng-results ignored="0" total="2" passed="2" failed="0" skipped="0">
  <reporter-output>
  </reporter-output>
  <suite started-at="2021-03-18T11:49:02 IST" name="Default suite" finished-at="2021-03-18T11:49:04 IST" duration-ms="1861">
    <groups>
    </groups>
    <test started-at="2021-03-18T11:49:02 IST" name="Default test" finished-at="2021-03-18T11:49:04 IST" duration-ms="1861">
      <class name="intelligent.SampleTestAutomation.Baseclass">
        <test-method is-config="true" signature="beforeSuite()[pri:0, instance:intelligent.SampleTestAutomation.Baseclass@71c8becc]" started-at="2021-03-18T11:48:57 IST" name="beforeSuite" finished-at="2021-03-18T11:49:02 IST" duration-ms="4628" status="PASS">
          <reporter-output>
          </reporter-output>
        </test-method> <!-- beforeSuite -->
        <test-method signature="launchBrowser()[pri:1, instance:intelligent.SampleTestAutomation.Baseclass@71c8becc]" started-at="2021-03-18T11:49:02 IST" name="launchBrowser" finished-at="2021-03-18T11:49:04 IST" duration-ms="1756" status="PASS">
          <reporter-output>
          </reporter-output>
        </test-method> <!-- launchBrowser -->
        <test-method signature="homePageTest()[pri:2, instance:intelligent.SampleTestAutomation.Baseclass@71c8becc]" started-at="2021-03-18T11:49:04 IST" name="homePageTest" finished-at="2021-03-18T11:49:04 IST" duration-ms="88" status="PASS">
          <reporter-output>
          </reporter-output>
        </test-method> <!-- homePageTest -->
        <test-method is-config="true" signature="afterSuite()[pri:0, instance:intelligent.SampleTestAutomation.Baseclass@71c8becc]" started-at="2021-03-18T11:49:09 IST" name="afterSuite" finished-at="2021-03-18T11:49:09 IST" duration-ms="439" status="PASS">
          <reporter-output>
          </reporter-output>
        </test-method> <!-- afterSuite -->
      </class> <!-- intelligent.SampleTestAutomation.Baseclass -->
    </test> <!-- Default test -->
  </suite> <!-- Default suite -->
</testng-results>
